[0324/095643.292:ERROR:crash_report_database_win.cc(426)] unexpected header
[0324/100643.292:ERROR:crash_report_database_win.cc(426)] unexpected header
[0324/100643.292:ERROR:crash_report_database_win.cc(426)] unexpected header
[0324/101143.294:ERROR:crash_report_database_win.cc(426)] unexpected header
[0324/102643.294:ERROR:crash_report_database_win.cc(426)] unexpected header
[0324/104143.295:ERROR:crash_report_database_win.cc(426)] unexpected header
[0324/105643.319:ERROR:crash_report_database_win.cc(426)] unexpected header
[0324/111143.323:ERROR:crash_report_database_win.cc(426)] unexpected header
[0324/112613.379:ERROR:crash_report_database_win.cc(426)] unexpected header
[0324/112643.324:ERROR:crash_report_database_win.cc(426)] unexpected header
[0324/114143.324:ERROR:crash_report_database_win.cc(426)] unexpected header
[0324/115643.325:ERROR:crash_report_database_win.cc(426)] unexpected header
[0324/121143.325:ERROR:crash_report_database_win.cc(426)] unexpected header
[0324/122643.364:ERROR:crash_report_database_win.cc(426)] unexpected header
[0324/124143.364:ERROR:crash_report_database_win.cc(426)] unexpected header
[0324/125643.365:ERROR:crash_report_database_win.cc(426)] unexpected header
[0324/131143.366:ERROR:crash_report_database_win.cc(426)] unexpected header
[0324/132643.366:ERROR:crash_report_database_win.cc(426)] unexpected header
[0324/134143.366:ERROR:crash_report_database_win.cc(426)] unexpected header
[0324/135643.366:ERROR:crash_report_database_win.cc(426)] unexpected header
[0324/141143.366:ERROR:crash_report_database_win.cc(426)] unexpected header
[0324/142643.367:ERROR:crash_report_database_win.cc(426)] unexpected header
[0324/184619.050:ERROR:crash_report_database_win.cc(426)] unexpected header
[0327/100641.479:ERROR:crash_report_database_win.cc(426)] unexpected header
[0327/165102.293:ERROR:crash_report_database_win.cc(426)] unexpected header
[0328/095105.173:ERROR:crash_report_database_win.cc(426)] unexpected header
[0329/120626.868:ERROR:crash_report_database_win.cc(563)] CreateDirectory C:\Program Files (x86)\temp: Accès refusé. (0x5)
[0329/120627.763:ERROR:crash_report_database_win.cc(563)] CreateDirectory C:\Program Files (x86)\temp: Accès refusé. (0x5)
[0329/120627.770:ERROR:registration_protocol_win.cc(83)] TransactNamedPipe: Le canal de communication a été fermé. (0x6D)
[0329/120627.858:ERROR:crashpad_win.cc(223)] Crashpad handler failed to start, crash reporting disabled
[0330/093356.609:ERROR:crash_report_database_win.cc(563)] CreateDirectory C:\Program Files (x86)\temp: Accès refusé. (0x5)
[0330/093356.953:ERROR:registration_protocol_win.cc(83)] TransactNamedPipe: Le canal de communication a été fermé. (0x6D)
[0330/093357.327:ERROR:crashpad_win.cc(223)] Crashpad handler failed to start, crash reporting disabled
[0404/094527.288:ERROR:file_io_win.cc(163)] CreateFile C:\Program Files (x86)\temp\settings.dat: Accès refusé. (0x5)
[0404/094527.323:ERROR:registration_protocol_win.cc(83)] TransactNamedPipe: Le canal de communication a été fermé. (0x6D)
[0404/094527.325:ERROR:file_io_win.cc(163)] CreateFile C:\Program Files (x86)\temp\settings.dat: Accès refusé. (0x5)
[0404/135627.715:ERROR:file_io_win.cc(163)] CreateFile C:\Program Files (x86)\temp\settings.dat: Accès refusé. (0x5)
[0404/135627.718:ERROR:registration_protocol_win.cc(83)] TransactNamedPipe: Le canal de communication a été fermé. (0x6D)
[0404/135627.719:ERROR:file_io_win.cc(163)] CreateFile C:\Program Files (x86)\temp\settings.dat: Accès refusé. (0x5)
[0404/141735.440:ERROR:file_io_win.cc(163)] CreateFile C:\Program Files (x86)\temp\settings.dat: Accès refusé. (0x5)
[0404/141735.444:ERROR:registration_protocol_win.cc(83)] TransactNamedPipe: Le canal de communication a été fermé. (0x6D)
[0404/141735.446:ERROR:file_io_win.cc(163)] CreateFile C:\Program Files (x86)\temp\settings.dat: Accès refusé. (0x5)
[0404/151114.219:ERROR:file_io_win.cc(163)] CreateFile C:\Program Files (x86)\temp\settings.dat: Accès refusé. (0x5)
[0404/151114.222:ERROR:registration_protocol_win.cc(83)] TransactNamedPipe: Le canal de communication a été fermé. (0x6D)
[0404/151114.224:ERROR:file_io_win.cc(163)] CreateFile C:\Program Files (x86)\temp\settings.dat: Accès refusé. (0x5)
[0404/182826.811:ERROR:file_io_win.cc(163)] CreateFile C:\Program Files (x86)\temp\settings.dat: Accès refusé. (0x5)
[0404/182826.865:ERROR:registration_protocol_win.cc(83)] TransactNamedPipe: Le canal de communication a été fermé. (0x6D)
[0404/182826.867:ERROR:file_io_win.cc(163)] CreateFile C:\Program Files (x86)\temp\settings.dat: Accès refusé. (0x5)
[0405/100526.883:ERROR:file_io_win.cc(163)] CreateFile C:\Program Files (x86)\temp\settings.dat: Accès refusé. (0x5)
[0405/100527.053:ERROR:registration_protocol_win.cc(83)] TransactNamedPipe: Le canal de communication a été fermé. (0x6D)
[0405/100527.056:ERROR:file_io_win.cc(163)] CreateFile C:\Program Files (x86)\temp\settings.dat: Accès refusé. (0x5)
[0405/101420.079:ERROR:file_io_win.cc(163)] CreateFile C:\Program Files (x86)\temp\settings.dat: Accès refusé. (0x5)
[0405/101420.177:ERROR:registration_protocol_win.cc(83)] TransactNamedPipe: Le canal de communication a été fermé. (0x6D)
[0405/101420.179:ERROR:file_io_win.cc(163)] CreateFile C:\Program Files (x86)\temp\settings.dat: Accès refusé. (0x5)
[0405/101935.769:ERROR:file_io_win.cc(163)] CreateFile C:\Program Files (x86)\temp\settings.dat: Accès refusé. (0x5)
[0405/101935.920:ERROR:registration_protocol_win.cc(83)] TransactNamedPipe: Le canal de communication a été fermé. (0x6D)
[0405/101935.924:ERROR:file_io_win.cc(163)] CreateFile C:\Program Files (x86)\temp\settings.dat: Accès refusé. (0x5)
[0406/093603.301:ERROR:file_io_win.cc(163)] CreateFile C:\Program Files (x86)\temp\settings.dat: Accès refusé. (0x5)
[0406/093603.317:ERROR:registration_protocol_win.cc(83)] TransactNamedPipe: Le canal de communication a été fermé. (0x6D)
[0406/093603.319:ERROR:file_io_win.cc(163)] CreateFile C:\Program Files (x86)\temp\settings.dat: Accès refusé. (0x5)
[0406/101111.407:ERROR:file_io_win.cc(163)] CreateFile C:\Program Files (x86)\temp\settings.dat: Accès refusé. (0x5)
[0406/101111.427:ERROR:registration_protocol_win.cc(83)] TransactNamedPipe: Le canal de communication a été fermé. (0x6D)
[0406/101111.429:ERROR:file_io_win.cc(163)] CreateFile C:\Program Files (x86)\temp\settings.dat: Accès refusé. (0x5)
[0406/120319.850:ERROR:file_io_win.cc(163)] CreateFile C:\Program Files (x86)\temp\settings.dat: Accès refusé. (0x5)
[0406/120319.863:ERROR:registration_protocol_win.cc(83)] TransactNamedPipe: Le canal de communication a été fermé. (0x6D)
[0406/120319.865:ERROR:file_io_win.cc(163)] CreateFile C:\Program Files (x86)\temp\settings.dat: Accès refusé. (0x5)
[0407/091205.008:ERROR:file_io_win.cc(163)] CreateFile C:\Program Files (x86)\temp\settings.dat: Accès refusé. (0x5)
[0407/091205.170:ERROR:registration_protocol_win.cc(83)] TransactNamedPipe: Le canal de communication a été fermé. (0x6D)
[0407/091205.170:ERROR:file_io_win.cc(163)] CreateFile C:\Program Files (x86)\temp\settings.dat: Accès refusé. (0x5)
[0407/113043.051:ERROR:file_io_win.cc(163)] CreateFile C:\Program Files (x86)\temp\settings.dat: Accès refusé. (0x5)
[0407/113043.299:ERROR:registration_protocol_win.cc(83)] TransactNamedPipe: Le canal de communication a été fermé. (0x6D)
[0407/113043.301:ERROR:file_io_win.cc(163)] CreateFile C:\Program Files (x86)\temp\settings.dat: Accès refusé. (0x5)
[0410/084211.303:ERROR:file_io_win.cc(163)] CreateFile C:\Program Files (x86)\temp\settings.dat: Accès refusé. (0x5)
[0410/084211.307:ERROR:registration_protocol_win.cc(83)] TransactNamedPipe: Le canal de communication a été fermé. (0x6D)
[0410/084211.307:ERROR:file_io_win.cc(163)] CreateFile C:\Program Files (x86)\temp\settings.dat: Accès refusé. (0x5)
[0410/113953.011:ERROR:file_io_win.cc(163)] CreateFile C:\Program Files (x86)\temp\settings.dat: Accès refusé. (0x5)
[0410/113953.054:ERROR:registration_protocol_win.cc(83)] TransactNamedPipe: Le canal de communication a été fermé. (0x6D)
[0410/113953.055:ERROR:file_io_win.cc(163)] CreateFile C:\Program Files (x86)\temp\settings.dat: Accès refusé. (0x5)
[0410/173159.803:ERROR:file_io_win.cc(163)] CreateFile C:\Program Files (x86)\temp\settings.dat: Accès refusé. (0x5)
[0410/173159.820:ERROR:registration_protocol_win.cc(83)] TransactNamedPipe: Le canal de communication a été fermé. (0x6D)
[0410/173159.821:ERROR:file_io_win.cc(163)] CreateFile C:\Program Files (x86)\temp\settings.dat: Accès refusé. (0x5)
[0424/155629.837:ERROR:file_io_win.cc(163)] CreateFile C:\Program Files (x86)\temp\settings.dat: Accès refusé. (0x5)
[0424/155629.991:ERROR:registration_protocol_win.cc(83)] TransactNamedPipe: Le canal de communication a été fermé. (0x6D)
[0424/155630.152:ERROR:file_io_win.cc(163)] CreateFile C:\Program Files (x86)\temp\settings.dat: Accès refusé. (0x5)
[0424/173133.631:ERROR:file_io_win.cc(163)] CreateFile C:\Program Files (x86)\temp\settings.dat: Accès refusé. (0x5)
[0424/173133.634:ERROR:registration_protocol_win.cc(83)] TransactNamedPipe: Le canal de communication a été fermé. (0x6D)
[0424/173133.636:ERROR:file_io_win.cc(163)] CreateFile C:\Program Files (x86)\temp\settings.dat: Accès refusé. (0x5)
[0425/165009.915:ERROR:file_io_win.cc(163)] CreateFile C:\Program Files (x86)\temp\settings.dat: Accès refusé. (0x5)
[0425/165010.004:ERROR:registration_protocol_win.cc(83)] TransactNamedPipe: Le canal de communication a été fermé. (0x6D)
[0425/165010.006:ERROR:file_io_win.cc(163)] CreateFile C:\Program Files (x86)\temp\settings.dat: Accès refusé. (0x5)
[0425/165927.817:ERROR:file_io_win.cc(163)] CreateFile C:\Program Files (x86)\temp\settings.dat: Accès refusé. (0x5)
[0425/165927.823:ERROR:registration_protocol_win.cc(83)] TransactNamedPipe: Le canal de communication a été fermé. (0x6D)
[0425/165927.825:ERROR:file_io_win.cc(163)] CreateFile C:\Program Files (x86)\temp\settings.dat: Accès refusé. (0x5)
[0425/171356.895:ERROR:file_io_win.cc(163)] CreateFile C:\Program Files (x86)\temp\settings.dat: Accès refusé. (0x5)
[0425/171356.902:ERROR:registration_protocol_win.cc(83)] TransactNamedPipe: Le canal de communication a été fermé. (0x6D)
[0425/171356.904:ERROR:file_io_win.cc(163)] CreateFile C:\Program Files (x86)\temp\settings.dat: Accès refusé. (0x5)
[0425/174606.360:ERROR:file_io_win.cc(163)] CreateFile C:\Program Files (x86)\temp\settings.dat: Accès refusé. (0x5)
[0425/174606.363:ERROR:registration_protocol_win.cc(83)] TransactNamedPipe: Le canal de communication a été fermé. (0x6D)
[0425/174606.365:ERROR:file_io_win.cc(163)] CreateFile C:\Program Files (x86)\temp\settings.dat: Accès refusé. (0x5)
[0425/175445.653:ERROR:file_io_win.cc(163)] CreateFile C:\Program Files (x86)\temp\settings.dat: Accès refusé. (0x5)
[0425/175445.655:ERROR:registration_protocol_win.cc(83)] TransactNamedPipe: Le canal de communication a été fermé. (0x6D)
[0425/175445.657:ERROR:file_io_win.cc(163)] CreateFile C:\Program Files (x86)\temp\settings.dat: Accès refusé. (0x5)
[0425/182124.746:ERROR:file_io_win.cc(163)] CreateFile C:\Program Files (x86)\temp\settings.dat: Accès refusé. (0x5)
[0425/182124.771:ERROR:registration_protocol_win.cc(83)] TransactNamedPipe: Le canal de communication a été fermé. (0x6D)
[0425/182124.776:ERROR:file_io_win.cc(163)] CreateFile C:\Program Files (x86)\temp\settings.dat: Accès refusé. (0x5)
[0426/095104.257:ERROR:file_io_win.cc(163)] CreateFile C:\Program Files (x86)\temp\settings.dat: Accès refusé. (0x5)
[0426/095104.314:ERROR:registration_protocol_win.cc(83)] TransactNamedPipe: Le canal de communication a été fermé. (0x6D)
[0426/095104.315:ERROR:file_io_win.cc(163)] CreateFile C:\Program Files (x86)\temp\settings.dat: Accès refusé. (0x5)
[0426/124559.516:ERROR:file_io_win.cc(163)] CreateFile C:\Program Files (x86)\temp\settings.dat: Accès refusé. (0x5)
[0426/124559.519:ERROR:registration_protocol_win.cc(83)] TransactNamedPipe: Le canal de communication a été fermé. (0x6D)
[0426/124559.521:ERROR:file_io_win.cc(163)] CreateFile C:\Program Files (x86)\temp\settings.dat: Accès refusé. (0x5)
[0426/164101.685:ERROR:file_io_win.cc(163)] CreateFile C:\Program Files (x86)\temp\settings.dat: Accès refusé. (0x5)
[0426/164101.740:ERROR:registration_protocol_win.cc(83)] TransactNamedPipe: Le canal de communication a été fermé. (0x6D)
[0426/164101.742:ERROR:file_io_win.cc(163)] CreateFile C:\Program Files (x86)\temp\settings.dat: Accès refusé. (0x5)
[0426/181641.421:ERROR:file_io_win.cc(163)] CreateFile C:\Program Files (x86)\temp\settings.dat: Accès refusé. (0x5)
[0426/181641.443:ERROR:registration_protocol_win.cc(83)] TransactNamedPipe: Le canal de communication a été fermé. (0x6D)
[0426/181641.445:ERROR:file_io_win.cc(163)] CreateFile C:\Program Files (x86)\temp\settings.dat: Accès refusé. (0x5)
[0426/191304.009:ERROR:file_io_win.cc(163)] CreateFile C:\Program Files (x86)\temp\settings.dat: Accès refusé. (0x5)
[0426/191304.012:ERROR:registration_protocol_win.cc(83)] TransactNamedPipe: Le canal de communication a été fermé. (0x6D)
[0426/191304.013:ERROR:file_io_win.cc(163)] CreateFile C:\Program Files (x86)\temp\settings.dat: Accès refusé. (0x5)
[0426/204429.602:ERROR:file_io_win.cc(163)] CreateFile C:\Program Files (x86)\temp\settings.dat: Accès refusé. (0x5)
[0426/204429.607:ERROR:registration_protocol_win.cc(83)] TransactNamedPipe: Le canal de communication a été fermé. (0x6D)
[0426/204429.610:ERROR:file_io_win.cc(163)] CreateFile C:\Program Files (x86)\temp\settings.dat: Accès refusé. (0x5)
[0426/210959.731:ERROR:file_io_win.cc(163)] CreateFile C:\Program Files (x86)\temp\settings.dat: Accès refusé. (0x5)
[0426/210959.735:ERROR:registration_protocol_win.cc(83)] TransactNamedPipe: Le canal de communication a été fermé. (0x6D)
[0426/210959.736:ERROR:file_io_win.cc(163)] CreateFile C:\Program Files (x86)\temp\settings.dat: Accès refusé. (0x5)
[0426/212918.224:ERROR:file_io_win.cc(163)] CreateFile C:\Program Files (x86)\temp\settings.dat: Accès refusé. (0x5)
[0426/212918.226:ERROR:registration_protocol_win.cc(83)] TransactNamedPipe: Le canal de communication a été fermé. (0x6D)
[0426/212918.228:ERROR:file_io_win.cc(163)] CreateFile C:\Program Files (x86)\temp\settings.dat: Accès refusé. (0x5)
[0426/221050.294:ERROR:file_io_win.cc(163)] CreateFile C:\Program Files (x86)\temp\settings.dat: Accès refusé. (0x5)
[0426/221050.299:ERROR:registration_protocol_win.cc(83)] TransactNamedPipe: Le canal de communication a été fermé. (0x6D)
[0426/221050.300:ERROR:file_io_win.cc(163)] CreateFile C:\Program Files (x86)\temp\settings.dat: Accès refusé. (0x5)
[0427/091347.047:ERROR:file_io_win.cc(163)] CreateFile C:\Program Files (x86)\temp\settings.dat: Accès refusé. (0x5)
[0427/091347.057:ERROR:registration_protocol_win.cc(83)] TransactNamedPipe: Le canal de communication a été fermé. (0x6D)
[0427/091347.059:ERROR:file_io_win.cc(163)] CreateFile C:\Program Files (x86)\temp\settings.dat: Accès refusé. (0x5)
[0427/164631.211:ERROR:file_io_win.cc(163)] CreateFile C:\Program Files (x86)\temp\settings.dat: Accès refusé. (0x5)
[0427/164631.228:ERROR:registration_protocol_win.cc(83)] TransactNamedPipe: Le canal de communication a été fermé. (0x6D)
[0427/164631.229:ERROR:file_io_win.cc(163)] CreateFile C:\Program Files (x86)\temp\settings.dat: Accès refusé. (0x5)
[0427/170352.488:ERROR:file_io_win.cc(163)] CreateFile C:\Program Files (x86)\temp\settings.dat: Accès refusé. (0x5)
[0427/170352.534:ERROR:registration_protocol_win.cc(83)] TransactNamedPipe: Le canal de communication a été fermé. (0x6D)
[0427/170352.535:ERROR:file_io_win.cc(163)] CreateFile C:\Program Files (x86)\temp\settings.dat: Accès refusé. (0x5)
[0428/092948.717:ERROR:file_io_win.cc(163)] CreateFile C:\Program Files (x86)\temp\settings.dat: Accès refusé. (0x5)
[0428/092948.721:ERROR:registration_protocol_win.cc(83)] TransactNamedPipe: Le canal de communication a été fermé. (0x6D)
[0428/092948.725:ERROR:file_io_win.cc(163)] CreateFile C:\Program Files (x86)\temp\settings.dat: Accès refusé. (0x5)
[0428/171332.007:ERROR:file_io_win.cc(163)] CreateFile C:\Program Files (x86)\temp\settings.dat: Accès refusé. (0x5)
[0428/171332.027:ERROR:registration_protocol_win.cc(83)] TransactNamedPipe: Le canal de communication a été fermé. (0x6D)
[0428/171332.029:ERROR:file_io_win.cc(163)] CreateFile C:\Program Files (x86)\temp\settings.dat: Accès refusé. (0x5)
[0428/172433.462:ERROR:file_io_win.cc(163)] CreateFile C:\Program Files (x86)\temp\settings.dat: Accès refusé. (0x5)
[0428/172433.466:ERROR:registration_protocol_win.cc(83)] TransactNamedPipe: Le canal de communication a été fermé. (0x6D)
[0428/172433.467:ERROR:file_io_win.cc(163)] CreateFile C:\Program Files (x86)\temp\settings.dat: Accès refusé. (0x5)
[0428/172534.539:ERROR:file_io_win.cc(163)] CreateFile C:\Program Files (x86)\temp\settings.dat: Accès refusé. (0x5)
[0428/172534.562:ERROR:registration_protocol_win.cc(83)] TransactNamedPipe: Le canal de communication a été fermé. (0x6D)
[0428/172534.563:ERROR:file_io_win.cc(163)] CreateFile C:\Program Files (x86)\temp\settings.dat: Accès refusé. (0x5)
[0428/193816.527:ERROR:file_io_win.cc(163)] CreateFile C:\Program Files (x86)\temp\settings.dat: Accès refusé. (0x5)
[0428/193816.547:ERROR:registration_protocol_win.cc(83)] TransactNamedPipe: Le canal de communication a été fermé. (0x6D)
[0428/193816.548:ERROR:file_io_win.cc(163)] CreateFile C:\Program Files (x86)\temp\settings.dat: Accès refusé. (0x5)
[0429/175218.546:ERROR:file_io_win.cc(163)] CreateFile C:\Program Files (x86)\temp\settings.dat: Accès refusé. (0x5)
[0429/175218.561:ERROR:registration_protocol_win.cc(83)] TransactNamedPipe: Le canal de communication a été fermé. (0x6D)
[0429/175218.561:ERROR:file_io_win.cc(163)] CreateFile C:\Program Files (x86)\temp\settings.dat: Accès refusé. (0x5)
[0502/091513.793:ERROR:file_io_win.cc(163)] CreateFile C:\Program Files (x86)\temp\settings.dat: Accès refusé. (0x5)
[0502/091513.798:ERROR:registration_protocol_win.cc(83)] TransactNamedPipe: Le canal de communication a été fermé. (0x6D)
[0502/091513.799:ERROR:file_io_win.cc(163)] CreateFile C:\Program Files (x86)\temp\settings.dat: Accès refusé. (0x5)
[0503/085609.656:ERROR:file_io_win.cc(163)] CreateFile C:\Program Files (x86)\temp\settings.dat: Accès refusé. (0x5)
[0503/085609.673:ERROR:registration_protocol_win.cc(83)] TransactNamedPipe: Le canal de communication a été fermé. (0x6D)
[0503/085609.675:ERROR:file_io_win.cc(163)] CreateFile C:\Program Files (x86)\temp\settings.dat: Accès refusé. (0x5)
[0503/165808.558:ERROR:file_io_win.cc(163)] CreateFile C:\Program Files (x86)\temp\settings.dat: Accès refusé. (0x5)
[0503/165808.562:ERROR:registration_protocol_win.cc(83)] TransactNamedPipe: Le canal de communication a été fermé. (0x6D)
[0503/165808.565:ERROR:file_io_win.cc(163)] CreateFile C:\Program Files (x86)\temp\settings.dat: Accès refusé. (0x5)
[0504/091119.365:ERROR:file_io_win.cc(163)] CreateFile C:\Program Files (x86)\temp\settings.dat: Accès refusé. (0x5)
[0504/091119.367:ERROR:registration_protocol_win.cc(83)] TransactNamedPipe: Le canal de communication a été fermé. (0x6D)
[0504/091119.369:ERROR:file_io_win.cc(163)] CreateFile C:\Program Files (x86)\temp\settings.dat: Accès refusé. (0x5)
[0504/093303.105:ERROR:file_io_win.cc(163)] CreateFile C:\Program Files (x86)\temp\settings.dat: Accès refusé. (0x5)
[0504/093303.112:ERROR:registration_protocol_win.cc(83)] TransactNamedPipe: Le canal de communication a été fermé. (0x6D)
[0504/093303.133:ERROR:file_io_win.cc(163)] CreateFile C:\Program Files (x86)\temp\settings.dat: Accès refusé. (0x5)
[0504/095223.458:ERROR:file_io_win.cc(163)] CreateFile C:\Program Files (x86)\temp\settings.dat: Accès refusé. (0x5)
[0504/095223.475:ERROR:registration_protocol_win.cc(83)] TransactNamedPipe: Le canal de communication a été fermé. (0x6D)
[0504/095223.479:ERROR:file_io_win.cc(163)] CreateFile C:\Program Files (x86)\temp\settings.dat: Accès refusé. (0x5)
[0504/104433.843:ERROR:file_io_win.cc(163)] CreateFile C:\Program Files (x86)\temp\settings.dat: Accès refusé. (0x5)
[0504/104433.861:ERROR:registration_protocol_win.cc(83)] TransactNamedPipe: Le canal de communication a été fermé. (0x6D)
[0504/104433.863:ERROR:file_io_win.cc(163)] CreateFile C:\Program Files (x86)\temp\settings.dat: Accès refusé. (0x5)
[0504/122740.880:ERROR:file_io_win.cc(163)] CreateFile C:\Program Files (x86)\temp\settings.dat: Accès refusé. (0x5)
[0504/122740.883:ERROR:registration_protocol_win.cc(83)] TransactNamedPipe: Le canal de communication a été fermé. (0x6D)
[0504/122740.885:ERROR:file_io_win.cc(163)] CreateFile C:\Program Files (x86)\temp\settings.dat: Accès refusé. (0x5)
[0504/145332.817:ERROR:file_io_win.cc(163)] CreateFile C:\Program Files (x86)\temp\settings.dat: Accès refusé. (0x5)
[0504/145332.881:ERROR:registration_protocol_win.cc(83)] TransactNamedPipe: Le canal de communication a été fermé. (0x6D)
[0504/145332.882:ERROR:file_io_win.cc(163)] CreateFile C:\Program Files (x86)\temp\settings.dat: Accès refusé. (0x5)
[0504/163159.757:ERROR:file_io_win.cc(163)] CreateFile C:\Program Files (x86)\temp\settings.dat: Accès refusé. (0x5)
[0504/163159.760:ERROR:registration_protocol_win.cc(83)] TransactNamedPipe: Le canal de communication a été fermé. (0x6D)
[0504/163159.762:ERROR:file_io_win.cc(163)] CreateFile C:\Program Files (x86)\temp\settings.dat: Accès refusé. (0x5)
[0504/164425.268:ERROR:file_io_win.cc(163)] CreateFile C:\Program Files (x86)\temp\settings.dat: Accès refusé. (0x5)
[0504/164425.296:ERROR:registration_protocol_win.cc(83)] TransactNamedPipe: Le canal de communication a été fermé. (0x6D)
[0504/164425.297:ERROR:file_io_win.cc(163)] CreateFile C:\Program Files (x86)\temp\settings.dat: Accès refusé. (0x5)
[0605/151657.677:ERROR:process_info.cc(389)] NtQuerySystemInformation SystemExtendedHandleInformation: {Quota insuffisant} Le quota de mémoire virtuelle ou de fichier d’échange est insuffisant pour finir l’opération spécifiée.  (0xc0000017)
